<?xml version="1.0" encoding="UTF-8"?>
<!-- Generated by org.testng.reporters.JUnitReportReporter -->
<testsuite hostname="suman-s" name="com.awb.test.tests.ReportingTests" tests="1" failures="0" timestamp="28 Nov 2012 05:18:22 GMT" time="49.540" errors="0">
  <testcase name="testReportingPage" time="49.540" classname="com.awb.test.tests.ReportingTests"/>
</testsuite> <!-- com.awb.test.tests.ReportingTests -->
