<?xml version="1.0" encoding="UTF-8"?>
<!-- Generated by org.testng.reporters.JUnitReportReporter -->
<testsuite hostname="suman-s" name="com.awb.test.tests.home.DatadrivenTests" tests="3" failures="0" timestamp="21 Nov 2012 08:35:42 GMT" time="0.066" errors="0">
  <testcase name="testCreateDocAlertMessage" time="0.016" classname="com.awb.test.tests.home.DatadrivenTests"/>
  <testcase name="testCreateDocAlertMessage" time="0.001" classname="com.awb.test.tests.home.DatadrivenTests"/>
  <testcase name="testCreateDocAlertMessage" time="0.049" classname="com.awb.test.tests.home.DatadrivenTests"/>
</testsuite> <!-- com.awb.test.tests.home.DatadrivenTests -->
