<?xml version="1.0" encoding="UTF-8"?>
<!-- Generated by org.testng.reporters.JUnitReportReporter -->
<testsuite hostname="suman-s" name="com.awb.test.tests.PortfolioOverviewTests" tests="1" failures="0" timestamp="21 Nov 2012 05:07:42 GMT" time="54.604" errors="0">
  <testcase name="testPortfolioOverviewsmoke" time="54.604" classname="com.awb.test.tests.PortfolioOverviewTests"/>
</testsuite> <!-- com.awb.test.tests.PortfolioOverviewTests -->
